<?xml version="1.0" encoding="UTF-8"?>
<testng-results skipped="0" failed="0" total="2" passed="2">
  <reporter-output>
  </reporter-output>
  <suite name="Default suite" duration-ms="23447" started-at="2014-10-21T08:06:19Z" finished-at="2014-10-21T08:06:42Z">
    <groups>
      <group name="service-test">
        <method signature="ServiceApiTest.createService()[pri:0, instance:msee.sp3.cm.api.ServiceApiTest@19f67d34]" name="createService" class="msee.sp3.cm.api.ServiceApiTest"/>
        <method signature="ServiceApiTest.marshallUser()[pri:0, instance:msee.sp3.cm.api.ServiceApiTest@19f67d34]" name="marshallUser" class="msee.sp3.cm.api.ServiceApiTest"/>
      </group> <!-- service-test -->
    </groups>
    <test name="Default test" duration-ms="23447" started-at="2014-10-21T08:06:19Z" finished-at="2014-10-21T08:06:42Z">
      <class name="msee.sp3.cm.api.ServiceApiTest">
        <test-method status="PASS" signature="createService()[pri:0, instance:msee.sp3.cm.api.ServiceApiTest@19f67d34]" name="createService" duration-ms="22189" started-at="2014-10-21T10:06:19Z" finished-at="2014-10-21T10:06:41Z">
          <reporter-output>
          </reporter-output>
        </test-method> <!-- createService -->
        <test-method status="PASS" signature="marshallUser()[pri:0, instance:msee.sp3.cm.api.ServiceApiTest@19f67d34]" name="marshallUser" duration-ms="1244" started-at="2014-10-21T10:06:41Z" finished-at="2014-10-21T10:06:42Z">
          <reporter-output>
          </reporter-output>
        </test-method> <!-- marshallUser -->
      </class> <!-- msee.sp3.cm.api.ServiceApiTest -->
    </test> <!-- Default test -->
  </suite> <!-- Default suite -->
</testng-results>
