<?xml version="1.0" encoding="UTF-8"?>
<testng-results skipped="0" failed="0" total="1" passed="1">
  <reporter-output>
  </reporter-output>
  <suite name="Default suite" duration-ms="7471" started-at="2014-10-21T13:49:20Z" finished-at="2014-10-21T13:49:27Z">
    <groups>
      <group name="service-test">
        <method signature="ServiceApiTest.createService()[pri:0, instance:msee.sp3.cm.rest.client.ServiceApiTest@2e3d787c]" name="createService" class="msee.sp3.cm.rest.client.ServiceApiTest"/>
      </group> <!-- service-test -->
    </groups>
    <test name="Default test" duration-ms="7471" started-at="2014-10-21T13:49:20Z" finished-at="2014-10-21T13:49:27Z">
      <class name="msee.sp3.cm.rest.client.ServiceApiTest">
        <test-method status="PASS" signature="createService()[pri:0, instance:msee.sp3.cm.rest.client.ServiceApiTest@2e3d787c]" name="createService" duration-ms="7461" started-at="2014-10-21T15:49:20Z" finished-at="2014-10-21T15:49:27Z">
          <reporter-output>
          </reporter-output>
        </test-method> <!-- createService -->
      </class> <!-- msee.sp3.cm.rest.client.ServiceApiTest -->
    </test> <!-- Default test -->
  </suite> <!-- Default suite -->
</testng-results>
